<?xml version="1.0" encoding="UTF-8" ?>
<testsuite tests="1" failures="0" name="org.wso2.siddhi.extension.groupdivider.GroupDividerTestCase" time="0.558" errors="0" skipped="0">
  <properties>
    <property name="java.runtime.name" value="Java(TM) SE Runtime Environment"/>
    <property name="sun.boot.library.path" value="/usr/lib/jvm/jdk1.8.0_91/jre/lib/amd64"/>
    <property name="java.vm.version" value="25.91-b14"/>
    <property name="java.vm.vendor" value="Oracle Corporation"/>
    <property name="java.vendor.url" value="http://java.oracle.com/"/>
    <property name="path.separator" value=":"/>
    <property name="java.vm.name" value="Java HotSpot(TM) 64-Bit Server VM"/>
    <property name="file.encoding.pkg" value="sun.io"/>
    <property name="user.country" value="US"/>
    <property name="sun.java.launcher" value="SUN_STANDARD"/>
    <property name="sun.os.patch.level" value="unknown"/>
    <property name="java.vm.specification.name" value="Java Virtual Machine Specification"/>
    <property name="user.dir" value="/home/anoukh/ELECTIONAPP_CODE/demos/samples/USEAnalyticsSystem/src/election-siddhi-extensions/groupdivider"/>
    <property name="java.runtime.version" value="1.8.0_91-b14"/>
    <property name="java.awt.graphicsenv" value="sun.awt.X11GraphicsEnvironment"/>
    <property name="basedir" value="/home/anoukh/ELECTIONAPP_CODE/demos/samples/USEAnalyticsSystem/src/election-siddhi-extensions/groupdivider"/>
    <property name="java.endorsed.dirs" value="/usr/lib/jvm/jdk1.8.0_91/jre/lib/endorsed"/>
    <property name="os.arch" value="amd64"/>
    <property name="surefire.real.class.path" value="/tmp/surefirebooter3398423731228929992.jar"/>
    <property name="java.io.tmpdir" value="/tmp"/>
    <property name="line.separator" value="
"/>
    <property name="java.vm.specification.vendor" value="Oracle Corporation"/>
    <property name="os.name" value="Linux"/>
    <property name="sun.jnu.encoding" value="UTF-8"/>
    <property name="java.library.path" value="/usr/apps/idea-IC-145.597.3/bin::/usr/java/packages/lib/amd64:/usr/lib64:/lib64:/lib:/usr/lib"/>
    <property name="surefire.test.class.path" value="/home/anoukh/ELECTIONAPP_CODE/demos/samples/USEAnalyticsSystem/src/election-siddhi-extensions/groupdivider/target/test-classes:/home/anoukh/ELECTIONAPP_CODE/demos/samples/USEAnalyticsSystem/src/election-siddhi-extensions/groupdivider/target/classes:/home/anoukh/.m2/repository/org/wso2/siddhi/siddhi-core/3.0.3/siddhi-core-3.0.3.jar:/home/anoukh/.m2/repository/org/wso2/siddhi/siddhi-query-compiler/3.0.3/siddhi-query-compiler-3.0.3.jar:/home/anoukh/.m2/repository/org/mvel/mvel2/2.2.1.Final/mvel2-2.2.1.Final.jar:/home/anoukh/.m2/repository/org/antlr/antlr4-runtime/4.5.1/antlr4-runtime-4.5.1.jar:/home/anoukh/.m2/repository/org/slf4j/slf4j-simple/1.7.12/slf4j-simple-1.7.12.jar:/home/anoukh/.m2/repository/org/slf4j/slf4j-api/1.7.12/slf4j-api-1.7.12.jar:/home/anoukh/.m2/repository/org/wso2/orbit/com/lmax/disruptor/3.3.2.wso2v2/disruptor-3.3.2.wso2v2.jar:/home/anoukh/.m2/repository/com/google/guava/guava/19.0/guava-19.0.jar:/home/anoukh/.m2/repository/org/quartz-scheduler/wso2/quartz/2.1.1.wso2v1/quartz-2.1.1.wso2v1.jar:/home/anoukh/.m2/repository/org/quartz-scheduler/quartz/2.1.1/quartz-2.1.1.jar:/home/anoukh/.m2/repository/c3p0/c3p0/0.9.1.1/c3p0-0.9.1.1.jar:/home/anoukh/.m2/repository/org/wso2/siddhi/siddhi-query-api/3.0.3/siddhi-query-api-3.0.3.jar:/home/anoukh/.m2/repository/org/apache/log4j/wso2/log4j/1.2.17.wso2v1/log4j-1.2.17.wso2v1.jar:/home/anoukh/.m2/repository/log4j/log4j/1.2.17/log4j-1.2.17.jar:/home/anoukh/.m2/repository/junit/junit/4.10/junit-4.10.jar:/home/anoukh/.m2/repository/org/hamcrest/hamcrest-core/1.1/hamcrest-core-1.1.jar:"/>
    <property name="java.specification.name" value="Java Platform API Specification"/>
    <property name="java.class.version" value="52.0"/>
    <property name="sun.management.compiler" value="HotSpot 64-Bit Tiered Compilers"/>
    <property name="os.version" value="4.4.0-22-generic"/>
    <property name="user.home" value="/home/anoukh"/>
    <property name="user.timezone" value=""/>
    <property name="java.awt.printerjob" value="sun.print.PSPrinterJob"/>
    <property name="file.encoding" value="UTF-8"/>
    <property name="java.specification.version" value="1.8"/>
    <property name="user.name" value="anoukh"/>
    <property name="java.class.path" value="/home/anoukh/ELECTIONAPP_CODE/demos/samples/USEAnalyticsSystem/src/election-siddhi-extensions/groupdivider/target/test-classes:/home/anoukh/ELECTIONAPP_CODE/demos/samples/USEAnalyticsSystem/src/election-siddhi-extensions/groupdivider/target/classes:/home/anoukh/.m2/repository/org/wso2/siddhi/siddhi-core/3.0.3/siddhi-core-3.0.3.jar:/home/anoukh/.m2/repository/org/wso2/siddhi/siddhi-query-compiler/3.0.3/siddhi-query-compiler-3.0.3.jar:/home/anoukh/.m2/repository/org/mvel/mvel2/2.2.1.Final/mvel2-2.2.1.Final.jar:/home/anoukh/.m2/repository/org/antlr/antlr4-runtime/4.5.1/antlr4-runtime-4.5.1.jar:/home/anoukh/.m2/repository/org/slf4j/slf4j-simple/1.7.12/slf4j-simple-1.7.12.jar:/home/anoukh/.m2/repository/org/slf4j/slf4j-api/1.7.12/slf4j-api-1.7.12.jar:/home/anoukh/.m2/repository/org/wso2/orbit/com/lmax/disruptor/3.3.2.wso2v2/disruptor-3.3.2.wso2v2.jar:/home/anoukh/.m2/repository/com/google/guava/guava/19.0/guava-19.0.jar:/home/anoukh/.m2/repository/org/quartz-scheduler/wso2/quartz/2.1.1.wso2v1/quartz-2.1.1.wso2v1.jar:/home/anoukh/.m2/repository/org/quartz-scheduler/quartz/2.1.1/quartz-2.1.1.jar:/home/anoukh/.m2/repository/c3p0/c3p0/0.9.1.1/c3p0-0.9.1.1.jar:/home/anoukh/.m2/repository/org/wso2/siddhi/siddhi-query-api/3.0.3/siddhi-query-api-3.0.3.jar:/home/anoukh/.m2/repository/org/apache/log4j/wso2/log4j/1.2.17.wso2v1/log4j-1.2.17.wso2v1.jar:/home/anoukh/.m2/repository/log4j/log4j/1.2.17/log4j-1.2.17.jar:/home/anoukh/.m2/repository/junit/junit/4.10/junit-4.10.jar:/home/anoukh/.m2/repository/org/hamcrest/hamcrest-core/1.1/hamcrest-core-1.1.jar:"/>
    <property name="java.vm.specification.version" value="1.8"/>
    <property name="sun.arch.data.model" value="64"/>
    <property name="java.home" value="/usr/lib/jvm/jdk1.8.0_91/jre"/>
    <property name="sun.java.command" value="/tmp/surefirebooter3398423731228929992.jar /tmp/surefire8071726665740203116tmp /tmp/surefire8050742845413620529tmp"/>
    <property name="java.specification.vendor" value="Oracle Corporation"/>
    <property name="user.language" value="en"/>
    <property name="awt.toolkit" value="sun.awt.X11.XToolkit"/>
    <property name="java.vm.info" value="mixed mode"/>
    <property name="java.version" value="1.8.0_91"/>
    <property name="java.ext.dirs" value="/usr/lib/jvm/jdk1.8.0_91/jre/lib/ext:/usr/java/packages/lib/ext"/>
    <property name="sun.boot.class.path" value="/usr/lib/jvm/jdk1.8.0_91/jre/lib/resources.jar:/usr/lib/jvm/jdk1.8.0_91/jre/lib/rt.jar:/usr/lib/jvm/jdk1.8.0_91/jre/lib/sunrsasign.jar:/usr/lib/jvm/jdk1.8.0_91/jre/lib/jsse.jar:/usr/lib/jvm/jdk1.8.0_91/jre/lib/jce.jar:/usr/lib/jvm/jdk1.8.0_91/jre/lib/charsets.jar:/usr/lib/jvm/jdk1.8.0_91/jre/lib/jfr.jar:/usr/lib/jvm/jdk1.8.0_91/jre/classes"/>
    <property name="java.vendor" value="Oracle Corporation"/>
    <property name="localRepository" value="/home/anoukh/.m2/repository"/>
    <property name="file.separator" value="/"/>
    <property name="java.vendor.url.bug" value="http://bugreport.sun.com/bugreport/"/>
    <property name="sun.cpu.endian" value="little"/>
    <property name="sun.io.unicode.encoding" value="UnicodeLittle"/>
    <property name="sun.desktop" value="gnome"/>
    <property name="sun.cpu.isalist" value=""/>
  </properties>
  <testcase classname="org.wso2.siddhi.extension.groupdivider.GroupDividerTestCase" name="testGroupDivider" time="0.507"/>
</testsuite>